2021-09-30 10:41:28,664 ERROR TA_SCMIQ - Error at Login   at OpenQA.Selenium.Remote.RemoteWebDriver.UnpackAndThrowOnError(Response errorResponse)
   at OpenQA.Selenium.Remote.RemoteWebDriver.Execute(String driverCommandToExecute, Dictionary`2 parameters)
   at OpenQA.Selenium.Remote.RemoteWebDriver.StartSession(ICapabilities desiredCapabilities)
   at OpenQA.Selenium.Remote.RemoteWebDriver..ctor(ICommandExecutor commandExecutor, ICapabilities desiredCapabilities)
   at OpenQA.Selenium.Chrome.ChromeDriver..ctor(ChromeDriverService service, ChromeOptions options, TimeSpan commandTimeout)
   at SCM_TF.TA_SCMIQ.Login(String url, String userName, String password)
2021-09-30 10:41:28,690 ERROR TA_SCMIQ - Error at killDriver   at SCM_TF.TA_SCMIQ.killDriver()
2021-09-30 10:50:42,275 ERROR TA_SCMIQ - Error at Login   at OpenQA.Selenium.Remote.RemoteWebDriver.UnpackAndThrowOnError(Response errorResponse)
   at OpenQA.Selenium.Remote.RemoteWebDriver.Execute(String driverCommandToExecute, Dictionary`2 parameters)
   at OpenQA.Selenium.Remote.RemoteWebDriver.StartSession(ICapabilities desiredCapabilities)
   at OpenQA.Selenium.Remote.RemoteWebDriver..ctor(ICommandExecutor commandExecutor, ICapabilities desiredCapabilities)
   at OpenQA.Selenium.Chrome.ChromeDriver..ctor(ChromeDriverService service, ChromeOptions options, TimeSpan commandTimeout)
   at SCM_TF.TA_SCMIQ.Login(String url, String userName, String password)
2021-09-30 10:50:42,318 ERROR TA_SCMIQ - Error at killDriver   at SCM_TF.TA_SCMIQ.killDriver()
2021-09-30 11:01:30,556 ERROR TA_SCMIQ - Error at Login   at OpenQA.Selenium.Remote.RemoteWebDriver.UnpackAndThrowOnError(Response errorResponse)
   at OpenQA.Selenium.Remote.RemoteWebDriver.Execute(String driverCommandToExecute, Dictionary`2 parameters)
   at OpenQA.Selenium.Remote.RemoteWebDriver.StartSession(ICapabilities desiredCapabilities)
   at OpenQA.Selenium.Remote.RemoteWebDriver..ctor(ICommandExecutor commandExecutor, ICapabilities desiredCapabilities)
   at OpenQA.Selenium.Chrome.ChromeDriver..ctor(ChromeDriverService service, ChromeOptions options, TimeSpan commandTimeout)
   at SCM_TF.TA_SCMIQ.Login(String url, String userName, String password)
2021-09-30 11:01:30,576 ERROR TA_SCMIQ - Error at killDriver   at SCM_TF.TA_SCMIQ.killDriver()
2021-09-30 11:45:39,107 ERROR TA_SCMIQ - Error at Login   at OpenQA.Selenium.Remote.RemoteWebDriver.UnpackAndThrowOnError(Response errorResponse)
   at OpenQA.Selenium.Remote.RemoteWebDriver.Execute(String driverCommandToExecute, Dictionary`2 parameters)
   at OpenQA.Selenium.Remote.RemoteWebDriver.StartSession(ICapabilities desiredCapabilities)
   at OpenQA.Selenium.Remote.RemoteWebDriver..ctor(ICommandExecutor commandExecutor, ICapabilities desiredCapabilities)
   at OpenQA.Selenium.Chrome.ChromeDriver..ctor(ChromeDriverService service, ChromeOptions options, TimeSpan commandTimeout)
   at SCM_TF.TA_SCMIQ.Login(String url, String userName, String password)
2021-09-30 11:45:39,140 ERROR TA_SCMIQ - Error at killDriver   at SCM_TF.TA_SCMIQ.killDriver()
2021-09-30 11:47:22,842 ERROR TA_SCMIQ - Error at Login   at OpenQA.Selenium.Remote.RemoteWebDriver.UnpackAndThrowOnError(Response errorResponse)
   at OpenQA.Selenium.Remote.RemoteWebDriver.Execute(String driverCommandToExecute, Dictionary`2 parameters)
   at OpenQA.Selenium.Remote.RemoteWebDriver.StartSession(ICapabilities desiredCapabilities)
   at OpenQA.Selenium.Remote.RemoteWebDriver..ctor(ICommandExecutor commandExecutor, ICapabilities desiredCapabilities)
   at OpenQA.Selenium.Chrome.ChromeDriver..ctor(ChromeDriverService service, ChromeOptions options, TimeSpan commandTimeout)
   at SCM_TF.TA_SCMIQ.Login(String url, String userName, String password)
2021-09-30 11:47:22,862 ERROR TA_SCMIQ - Error at killDriver   at SCM_TF.TA_SCMIQ.killDriver()
2021-10-01 15:49:33,564 ERROR TA_SCMIQ - Error at Login   at OpenQA.Selenium.Remote.RemoteWebDriver.UnpackAndThrowOnError(Response errorResponse)
   at OpenQA.Selenium.Remote.RemoteWebDriver.Execute(String driverCommandToExecute, Dictionary`2 parameters)
   at OpenQA.Selenium.Remote.RemoteWebDriver.StartSession(ICapabilities desiredCapabilities)
   at OpenQA.Selenium.Remote.RemoteWebDriver..ctor(ICommandExecutor commandExecutor, ICapabilities desiredCapabilities)
   at OpenQA.Selenium.Chrome.ChromeDriver..ctor(ChromeDriverService service, ChromeOptions options, TimeSpan commandTimeout)
   at SCM_TF.TA_SCMIQ.Login(String url, String userName, String password)
2021-10-01 15:49:33,577 ERROR TA_SCMIQ - Error at killDriver   at SCM_TF.TA_SCMIQ.killDriver()
